{
  "RSpec": {
    "coverage": {
      "/Users/JC/ga_wdi/classwork/wk09/d05/silence_app/config/environments/test.rb": [
        1,
        null,
        null,
        null,
        null,
        null,
        null,
        1,
        null,
        null,
        1,
        1,
        null,
        null,
        1,
        null,
        null,
        1,
        1,
        null,
        null,
        1,
        null,
        null,
        1,
        null,
        null,
        null,
        null,
        1,
        null,
        null,
        1,
        null,
        null,
        1,
        null
      ],
      "/Users/JC/ga_wdi/classwork/wk09/d05/silence_app/config/initializers/backtrace_silencers.rb": [
        null,
        null,
        null,
        null,
        null,
        null,
        null
      ],
      "/Users/JC/ga_wdi/classwork/wk09/d05/silence_app/config/initializers/inflections.rb": [
        null,
        null,
        null,
        null,
        null,
        null,
        null,
        null,
        null,
        null,
        null,
        null,
        null,
        null,
        null
      ],
      "/Users/JC/ga_wdi/classwork/wk09/d05/silence_app/config/initializers/mime_types.rb": [
        null,
        null,
        null,
        null,
        null
      ],
      "/Users/JC/ga_wdi/classwork/wk09/d05/silence_app/config/initializers/secret_token.rb": [
        null,
        null,
        null,
        null,
        null,
        null,
        1
      ],
      "/Users/JC/ga_wdi/classwork/wk09/d05/silence_app/config/initializers/session_store.rb": [
        null,
        null,
        1,
        null,
        null,
        null,
        null,
        null
      ],
      "/Users/JC/ga_wdi/classwork/wk09/d05/silence_app/config/initializers/wrap_parameters.rb": [
        null,
        null,
        null,
        null,
        null,
        null,
        1,
        1,
        null,
        null,
        null,
        1,
        1,
        null
      ],
      "/Users/JC/ga_wdi/classwork/wk09/d05/silence_app/app/controllers/application_controller.rb": [
        1,
        1,
        null
      ],
      "/Users/JC/ga_wdi/classwork/wk09/d05/silence_app/app/helpers/application_helper.rb": [
        1,
        null
      ],
      "/Users/JC/ga_wdi/classwork/wk09/d05/silence_app/app/helpers/lambs_helper.rb": [
        1,
        null
      ],
      "/Users/JC/ga_wdi/classwork/wk09/d05/silence_app/app/controllers/lambs_controller.rb": [
        1,
        1,
        0,
        0,
        0,
        0,
        null,
        null,
        null,
        1,
        1,
        1,
        1,
        null,
        null,
        null,
        1,
        0,
        0,
        null,
        null
      ],
      "/Users/JC/ga_wdi/classwork/wk09/d05/silence_app/app/models/lamb.rb": [
        1,
        1,
        1,
        null,
        1,
        1,
        null,
        null
      ],
      "/Users/JC/ga_wdi/classwork/wk09/d05/silence_app/config/routes.rb": [
        1,
        null,
        1,
        null,
        1,
        null,
        1,
        null,
        1,
        null,
        1,
        null
      ]
    },
    "timestamp": 1385133654
  }
}
